CRITICAL - 2023-12-28 10:36:46 --> Invalid file: "v_Ubah_Akun.php"
in SYSTEMPATH\Exceptions\FrameworkException.php on line 39.
 1 SYSTEMPATH\View\View.php(216): CodeIgniter\Exceptions\FrameworkException::forInvalidFile('v_Ubah_Akun.php')
 2 SYSTEMPATH\Common.php(1190): CodeIgniter\View\View->render('v_Ubah_Akun', [], true)
 3 APPPATH\Controllers\UbahAkun.php(24): view('v_Ubah_Akun', [...])
 4 SYSTEMPATH\CodeIgniter.php(942): App\Controllers\UbahAkun->index()
 5 SYSTEMPATH\CodeIgniter.php(502): CodeIgniter\CodeIgniter->runController(Object(App\Controllers\UbahAkun))
 6 SYSTEMPATH\CodeIgniter.php(361): CodeIgniter\CodeIgniter->handleRequest(null, Object(Config\Cache), false)
 7 FCPATH\index.php(79): CodeIgniter\CodeIgniter->run()
CRITICAL - 2023-12-28 10:45:30 --> Undefined variable $akun
in APPPATH\Views\User\v_Ubah_Akun.php on line 126.
 1 APPPATH\Views\User\v_Ubah_Akun.php(126): CodeIgniter\Debug\Exceptions->errorHandler(2, 'Undefined variable $akun', 'C:\\xampp\\htdocs\\curanmorpolreslampungutara\\app\\Views\\User\\v_Ubah_Akun.php', 126)
 2 SYSTEMPATH\View\View.php(228): include('C:\\xampp\\htdocs\\curanmorpolreslampungutara\\app\\Views\\User\\v_Ubah_Akun.php')
 3 SYSTEMPATH\View\View.php(231): CodeIgniter\View\View->CodeIgniter\View\{closure}()
 4 SYSTEMPATH\Common.php(1190): CodeIgniter\View\View->render('User/v_Ubah_Akun', [], true)
 5 APPPATH\Controllers\UbahAkun.php(25): view('User/v_Ubah_Akun', [...])
 6 SYSTEMPATH\CodeIgniter.php(942): App\Controllers\UbahAkun->index()
 7 SYSTEMPATH\CodeIgniter.php(502): CodeIgniter\CodeIgniter->runController(Object(App\Controllers\UbahAkun))
 8 SYSTEMPATH\CodeIgniter.php(361): CodeIgniter\CodeIgniter->handleRequest(null, Object(Config\Cache), false)
 9 FCPATH\index.php(79): CodeIgniter\CodeIgniter->run()
CRITICAL - 2023-12-28 13:45:53 --> Array to string conversion
in APPPATH\Controllers\UbahAkun.php on line 61.
 1 APPPATH\Controllers\UbahAkun.php(61): CodeIgniter\Debug\Exceptions->errorHandler(2, 'Array to string conversion', 'C:\\xampp\\htdocs\\curanmorpolreslampungutara\\app\\Controllers\\UbahAkun.php', 61)
 2 SYSTEMPATH\CodeIgniter.php(942): App\Controllers\UbahAkun->cek()
 3 SYSTEMPATH\CodeIgniter.php(502): CodeIgniter\CodeIgniter->runController(Object(App\Controllers\UbahAkun))
 4 SYSTEMPATH\CodeIgniter.php(361): CodeIgniter\CodeIgniter->handleRequest(null, Object(Config\Cache), false)
 5 FCPATH\index.php(79): CodeIgniter\CodeIgniter->run()
