CRITICAL - 2023-12-26 09:27:44 --> Class "App\Models\Login_model" not found
in APPPATH\Controllers\Login.php on line 12.
 1 SYSTEMPATH\CodeIgniter.php(914): App\Controllers\Login->__construct()
 2 SYSTEMPATH\CodeIgniter.php(493): CodeIgniter\CodeIgniter->createController()
 3 SYSTEMPATH\CodeIgniter.php(361): CodeIgniter\CodeIgniter->handleRequest(null, Object(Config\Cache), false)
 4 FCPATH\index.php(79): CodeIgniter\CodeIgniter->run()
CRITICAL - 2023-12-26 09:27:47 --> Class "App\Models\Login_model" not found
in APPPATH\Controllers\Login.php on line 12.
 1 SYSTEMPATH\CodeIgniter.php(914): App\Controllers\Login->__construct()
 2 SYSTEMPATH\CodeIgniter.php(493): CodeIgniter\CodeIgniter->createController()
 3 SYSTEMPATH\CodeIgniter.php(361): CodeIgniter\CodeIgniter->handleRequest(null, Object(Config\Cache), false)
 4 FCPATH\index.php(79): CodeIgniter\CodeIgniter->run()
CRITICAL - 2023-12-26 09:27:52 --> Class "App\Models\Login_model" not found
in APPPATH\Controllers\Login.php on line 12.
 1 SYSTEMPATH\CodeIgniter.php(914): App\Controllers\Login->__construct()
 2 SYSTEMPATH\CodeIgniter.php(493): CodeIgniter\CodeIgniter->createController()
 3 SYSTEMPATH\CodeIgniter.php(361): CodeIgniter\CodeIgniter->handleRequest(null, Object(Config\Cache), false)
 4 FCPATH\index.php(79): CodeIgniter\CodeIgniter->run()
CRITICAL - 2023-12-26 09:27:57 --> Class "App\Models\Login_model" not found
in APPPATH\Controllers\Login.php on line 12.
 1 SYSTEMPATH\CodeIgniter.php(914): App\Controllers\Login->__construct()
 2 SYSTEMPATH\CodeIgniter.php(493): CodeIgniter\CodeIgniter->createController()
 3 SYSTEMPATH\CodeIgniter.php(361): CodeIgniter\CodeIgniter->handleRequest(null, Object(Config\Cache), false)
 4 FCPATH\index.php(79): CodeIgniter\CodeIgniter->run()
CRITICAL - 2023-12-26 09:29:23 --> Undefined property: CodeIgniter\View\View::$session
in APPPATH\Views\v_Login.php on line 51.
 1 APPPATH\Views\v_Login.php(51): CodeIgniter\Debug\Exceptions->errorHandler(2, 'Undefined property: CodeIgniter\\View\\View::$session', 'C:\\xampp\\htdocs\\curanmorpolreslampungutara\\app\\Views\\v_Login.php', 51)
 2 SYSTEMPATH\View\View.php(228): include('C:\\xampp\\htdocs\\curanmorpolreslampungutara\\app\\Views\\v_Login.php')
 3 SYSTEMPATH\View\View.php(231): CodeIgniter\View\View->CodeIgniter\View\{closure}()
 4 SYSTEMPATH\Common.php(1190): CodeIgniter\View\View->render('v_Login', [], true)
 5 APPPATH\Controllers\Login.php(11): view('v_Login')
 6 SYSTEMPATH\CodeIgniter.php(942): App\Controllers\Login->index()
 7 SYSTEMPATH\CodeIgniter.php(502): CodeIgniter\CodeIgniter->runController(Object(App\Controllers\Login))
 8 SYSTEMPATH\CodeIgniter.php(361): CodeIgniter\CodeIgniter->handleRequest(null, Object(Config\Cache), false)
 9 FCPATH\index.php(79): CodeIgniter\CodeIgniter->run()
CRITICAL - 2023-12-26 13:08:55 --> Undefined property: CodeIgniter\View\View::$session
in APPPATH\Views\v_Login.php on line 51.
 1 APPPATH\Views\v_Login.php(51): CodeIgniter\Debug\Exceptions->errorHandler(2, 'Undefined property: CodeIgniter\\View\\View::$session', 'C:\\xampp\\htdocs\\curanmorpolreslampungutara\\app\\Views\\v_Login.php', 51)
 2 SYSTEMPATH\View\View.php(228): include('C:\\xampp\\htdocs\\curanmorpolreslampungutara\\app\\Views\\v_Login.php')
 3 SYSTEMPATH\View\View.php(231): CodeIgniter\View\View->CodeIgniter\View\{closure}()
 4 SYSTEMPATH\Common.php(1190): CodeIgniter\View\View->render('v_Login', [], true)
 5 APPPATH\Controllers\Login.php(11): view('v_Login')
 6 SYSTEMPATH\CodeIgniter.php(942): App\Controllers\Login->index()
 7 SYSTEMPATH\CodeIgniter.php(502): CodeIgniter\CodeIgniter->runController(Object(App\Controllers\Login))
 8 SYSTEMPATH\CodeIgniter.php(361): CodeIgniter\CodeIgniter->handleRequest(null, Object(Config\Cache), false)
 9 FCPATH\index.php(79): CodeIgniter\CodeIgniter->run()
CRITICAL - 2023-12-26 13:09:01 --> Undefined property: CodeIgniter\View\View::$session
in APPPATH\Views\v_Login.php on line 51.
 1 APPPATH\Views\v_Login.php(51): CodeIgniter\Debug\Exceptions->errorHandler(2, 'Undefined property: CodeIgniter\\View\\View::$session', 'C:\\xampp\\htdocs\\curanmorpolreslampungutara\\app\\Views\\v_Login.php', 51)
 2 SYSTEMPATH\View\View.php(228): include('C:\\xampp\\htdocs\\curanmorpolreslampungutara\\app\\Views\\v_Login.php')
 3 SYSTEMPATH\View\View.php(231): CodeIgniter\View\View->CodeIgniter\View\{closure}()
 4 SYSTEMPATH\Common.php(1190): CodeIgniter\View\View->render('v_Login', [], true)
 5 APPPATH\Controllers\Login.php(11): view('v_Login')
 6 SYSTEMPATH\CodeIgniter.php(942): App\Controllers\Login->index()
 7 SYSTEMPATH\CodeIgniter.php(502): CodeIgniter\CodeIgniter->runController(Object(App\Controllers\Login))
 8 SYSTEMPATH\CodeIgniter.php(361): CodeIgniter\CodeIgniter->handleRequest(null, Object(Config\Cache), false)
 9 FCPATH\index.php(79): CodeIgniter\CodeIgniter->run()
CRITICAL - 2023-12-26 13:10:50 --> Undefined property: CodeIgniter\View\View::$session
in APPPATH\Views\v_Login.php on line 51.
 1 APPPATH\Views\v_Login.php(51): CodeIgniter\Debug\Exceptions->errorHandler(2, 'Undefined property: CodeIgniter\\View\\View::$session', 'C:\\xampp\\htdocs\\curanmorpolreslampungutara\\app\\Views\\v_Login.php', 51)
 2 SYSTEMPATH\View\View.php(228): include('C:\\xampp\\htdocs\\curanmorpolreslampungutara\\app\\Views\\v_Login.php')
 3 SYSTEMPATH\View\View.php(231): CodeIgniter\View\View->CodeIgniter\View\{closure}()
 4 SYSTEMPATH\Common.php(1190): CodeIgniter\View\View->render('v_Login', [], true)
 5 APPPATH\Controllers\Login.php(11): view('v_Login')
 6 SYSTEMPATH\CodeIgniter.php(942): App\Controllers\Login->index()
 7 SYSTEMPATH\CodeIgniter.php(502): CodeIgniter\CodeIgniter->runController(Object(App\Controllers\Login))
 8 SYSTEMPATH\CodeIgniter.php(361): CodeIgniter\CodeIgniter->handleRequest(null, Object(Config\Cache), false)
 9 FCPATH\index.php(79): CodeIgniter\CodeIgniter->run()
CRITICAL - 2023-12-26 13:11:10 --> Undefined property: CodeIgniter\View\View::$session
in APPPATH\Views\v_Login.php on line 51.
 1 APPPATH\Views\v_Login.php(51): CodeIgniter\Debug\Exceptions->errorHandler(2, 'Undefined property: CodeIgniter\\View\\View::$session', 'C:\\xampp\\htdocs\\curanmorpolreslampungutara\\app\\Views\\v_Login.php', 51)
 2 SYSTEMPATH\View\View.php(228): include('C:\\xampp\\htdocs\\curanmorpolreslampungutara\\app\\Views\\v_Login.php')
 3 SYSTEMPATH\View\View.php(231): CodeIgniter\View\View->CodeIgniter\View\{closure}()
 4 SYSTEMPATH\Common.php(1190): CodeIgniter\View\View->render('v_Login', [], true)
 5 APPPATH\Controllers\Login.php(11): view('v_Login')
 6 SYSTEMPATH\CodeIgniter.php(942): App\Controllers\Login->index()
 7 SYSTEMPATH\CodeIgniter.php(502): CodeIgniter\CodeIgniter->runController(Object(App\Controllers\Login))
 8 SYSTEMPATH\CodeIgniter.php(361): CodeIgniter\CodeIgniter->handleRequest(null, Object(Config\Cache), false)
 9 FCPATH\index.php(79): CodeIgniter\CodeIgniter->run()
CRITICAL - 2023-12-26 13:11:27 --> Undefined property: CodeIgniter\View\View::$session
in APPPATH\Views\v_Login.php on line 51.
 1 APPPATH\Views\v_Login.php(51): CodeIgniter\Debug\Exceptions->errorHandler(2, 'Undefined property: CodeIgniter\\View\\View::$session', 'C:\\xampp\\htdocs\\curanmorpolreslampungutara\\app\\Views\\v_Login.php', 51)
 2 SYSTEMPATH\View\View.php(228): include('C:\\xampp\\htdocs\\curanmorpolreslampungutara\\app\\Views\\v_Login.php')
 3 SYSTEMPATH\View\View.php(231): CodeIgniter\View\View->CodeIgniter\View\{closure}()
 4 SYSTEMPATH\Common.php(1190): CodeIgniter\View\View->render('v_Login', [], true)
 5 APPPATH\Controllers\Login.php(11): view('v_Login')
 6 SYSTEMPATH\CodeIgniter.php(942): App\Controllers\Login->index()
 7 SYSTEMPATH\CodeIgniter.php(502): CodeIgniter\CodeIgniter->runController(Object(App\Controllers\Login))
 8 SYSTEMPATH\CodeIgniter.php(361): CodeIgniter\CodeIgniter->handleRequest(null, Object(Config\Cache), false)
 9 FCPATH\index.php(79): CodeIgniter\CodeIgniter->run()
CRITICAL - 2023-12-26 13:11:40 --> Undefined property: CodeIgniter\View\View::$session
in APPPATH\Views\v_Login.php on line 51.
 1 APPPATH\Views\v_Login.php(51): CodeIgniter\Debug\Exceptions->errorHandler(2, 'Undefined property: CodeIgniter\\View\\View::$session', 'C:\\xampp\\htdocs\\curanmorpolreslampungutara\\app\\Views\\v_Login.php', 51)
 2 SYSTEMPATH\View\View.php(228): include('C:\\xampp\\htdocs\\curanmorpolreslampungutara\\app\\Views\\v_Login.php')
 3 SYSTEMPATH\View\View.php(231): CodeIgniter\View\View->CodeIgniter\View\{closure}()
 4 SYSTEMPATH\Common.php(1190): CodeIgniter\View\View->render('v_Login', [], true)
 5 APPPATH\Controllers\Login.php(11): view('v_Login')
 6 SYSTEMPATH\CodeIgniter.php(942): App\Controllers\Login->index()
 7 SYSTEMPATH\CodeIgniter.php(502): CodeIgniter\CodeIgniter->runController(Object(App\Controllers\Login))
 8 SYSTEMPATH\CodeIgniter.php(361): CodeIgniter\CodeIgniter->handleRequest(null, Object(Config\Cache), false)
 9 FCPATH\index.php(79): CodeIgniter\CodeIgniter->run()
CRITICAL - 2023-12-26 13:13:30 --> Undefined property: CodeIgniter\View\View::$session
in APPPATH\Views\v_Login.php on line 51.
 1 APPPATH\Views\v_Login.php(51): CodeIgniter\Debug\Exceptions->errorHandler(2, 'Undefined property: CodeIgniter\\View\\View::$session', 'C:\\xampp\\htdocs\\curanmorpolreslampungutara\\app\\Views\\v_Login.php', 51)
 2 SYSTEMPATH\View\View.php(228): include('C:\\xampp\\htdocs\\curanmorpolreslampungutara\\app\\Views\\v_Login.php')
 3 SYSTEMPATH\View\View.php(231): CodeIgniter\View\View->CodeIgniter\View\{closure}()
 4 SYSTEMPATH\Common.php(1190): CodeIgniter\View\View->render('v_Login', [], true)
 5 APPPATH\Controllers\Login.php(11): view('v_Login')
 6 SYSTEMPATH\CodeIgniter.php(942): App\Controllers\Login->index()
 7 SYSTEMPATH\CodeIgniter.php(502): CodeIgniter\CodeIgniter->runController(Object(App\Controllers\Login))
 8 SYSTEMPATH\CodeIgniter.php(361): CodeIgniter\CodeIgniter->handleRequest(null, Object(Config\Cache), false)
 9 FCPATH\index.php(79): CodeIgniter\CodeIgniter->run()
CRITICAL - 2023-12-26 13:13:33 --> Undefined property: CodeIgniter\View\View::$session
in APPPATH\Views\v_Login.php on line 51.
 1 APPPATH\Views\v_Login.php(51): CodeIgniter\Debug\Exceptions->errorHandler(2, 'Undefined property: CodeIgniter\\View\\View::$session', 'C:\\xampp\\htdocs\\curanmorpolreslampungutara\\app\\Views\\v_Login.php', 51)
 2 SYSTEMPATH\View\View.php(228): include('C:\\xampp\\htdocs\\curanmorpolreslampungutara\\app\\Views\\v_Login.php')
 3 SYSTEMPATH\View\View.php(231): CodeIgniter\View\View->CodeIgniter\View\{closure}()
 4 SYSTEMPATH\Common.php(1190): CodeIgniter\View\View->render('v_Login', [], true)
 5 APPPATH\Controllers\Login.php(11): view('v_Login')
 6 SYSTEMPATH\CodeIgniter.php(942): App\Controllers\Login->index()
 7 SYSTEMPATH\CodeIgniter.php(502): CodeIgniter\CodeIgniter->runController(Object(App\Controllers\Login))
 8 SYSTEMPATH\CodeIgniter.php(361): CodeIgniter\CodeIgniter->handleRequest(null, Object(Config\Cache), false)
 9 FCPATH\index.php(79): CodeIgniter\CodeIgniter->run()
CRITICAL - 2023-12-26 13:14:07 --> Undefined property: CodeIgniter\View\View::$session
in APPPATH\Views\v_Login.php on line 51.
 1 APPPATH\Views\v_Login.php(51): CodeIgniter\Debug\Exceptions->errorHandler(2, 'Undefined property: CodeIgniter\\View\\View::$session', 'C:\\xampp\\htdocs\\curanmorpolreslampungutara\\app\\Views\\v_Login.php', 51)
 2 SYSTEMPATH\View\View.php(228): include('C:\\xampp\\htdocs\\curanmorpolreslampungutara\\app\\Views\\v_Login.php')
 3 SYSTEMPATH\View\View.php(231): CodeIgniter\View\View->CodeIgniter\View\{closure}()
 4 SYSTEMPATH\Common.php(1190): CodeIgniter\View\View->render('v_Login', [], true)
 5 APPPATH\Controllers\Login.php(11): view('v_Login')
 6 SYSTEMPATH\CodeIgniter.php(942): App\Controllers\Login->index()
 7 SYSTEMPATH\CodeIgniter.php(502): CodeIgniter\CodeIgniter->runController(Object(App\Controllers\Login))
 8 SYSTEMPATH\CodeIgniter.php(361): CodeIgniter\CodeIgniter->handleRequest(null, Object(Config\Cache), false)
 9 FCPATH\index.php(79): CodeIgniter\CodeIgniter->run()
CRITICAL - 2023-12-26 16:17:48 --> Invalid file: "User/Dashboard.php"
in SYSTEMPATH\Exceptions\FrameworkException.php on line 39.
 1 SYSTEMPATH\View\View.php(216): CodeIgniter\Exceptions\FrameworkException::forInvalidFile('User/Dashboard.php')
 2 SYSTEMPATH\Common.php(1190): CodeIgniter\View\View->render('User/Dashboard', [], true)
 3 APPPATH\Controllers\Dashboard.php(11): view('User/Dashboard')
 4 SYSTEMPATH\CodeIgniter.php(942): App\Controllers\Dashboard->index()
 5 SYSTEMPATH\CodeIgniter.php(502): CodeIgniter\CodeIgniter->runController(Object(App\Controllers\Dashboard))
 6 SYSTEMPATH\CodeIgniter.php(361): CodeIgniter\CodeIgniter->handleRequest(null, Object(Config\Cache), false)
 7 FCPATH\index.php(79): CodeIgniter\CodeIgniter->run()
CRITICAL - 2023-12-26 16:33:31 --> Undefined variable $current_page
in APPPATH\Views\Admin\v_Dashboard.php on line 105.
 1 APPPATH\Views\Admin\v_Dashboard.php(105): CodeIgniter\Debug\Exceptions->errorHandler(2, 'Undefined variable $current_page', 'C:\\xampp\\htdocs\\curanmorpolreslampungutara\\app\\Views\\Admin\\v_Dashboard.php', 105)
 2 SYSTEMPATH\View\View.php(228): include('C:\\xampp\\htdocs\\curanmorpolreslampungutara\\app\\Views\\Admin\\v_Dashboard.php')
 3 SYSTEMPATH\View\View.php(231): CodeIgniter\View\View->CodeIgniter\View\{closure}()
 4 SYSTEMPATH\Common.php(1190): CodeIgniter\View\View->render('Admin/v_Dashboard', [], true)
 5 APPPATH\Controllers\Dashboard.php(11): view('Admin/v_Dashboard')
 6 SYSTEMPATH\CodeIgniter.php(942): App\Controllers\Dashboard->index()
 7 SYSTEMPATH\CodeIgniter.php(502): CodeIgniter\CodeIgniter->runController(Object(App\Controllers\Dashboard))
 8 SYSTEMPATH\CodeIgniter.php(361): CodeIgniter\CodeIgniter->handleRequest(null, Object(Config\Cache), false)
 9 FCPATH\index.php(79): CodeIgniter\CodeIgniter->run()
ERROR - 2023-12-26 16:59:51 --> Error connecting to the database: mysqli_sql_exception: Access denied for user ''@'localhost' (using password: NO) in C:\xampp\htdocs\curanmorpolreslampungutara\system\Database\MySQLi\Connection.php:184
Stack trace:
#0 C:\xampp\htdocs\curanmorpolreslampungutara\system\Database\MySQLi\Connection.php(184): mysqli->real_connect('localhost', '', Object(SensitiveParameterValue), '', 3306, '', 0)
#1 C:\xampp\htdocs\curanmorpolreslampungutara\system\Database\BaseConnection.php(392): CodeIgniter\Database\MySQLi\Connection->connect(false)
#2 C:\xampp\htdocs\curanmorpolreslampungutara\system\Database\BaseConnection.php(575): CodeIgniter\Database\BaseConnection->initialize()
#3 C:\xampp\htdocs\curanmorpolreslampungutara\system\Database\BaseBuilder.php(1615): CodeIgniter\Database\BaseConnection->query('SELECT *\nFROM `...', Array, false)
#4 C:\xampp\htdocs\curanmorpolreslampungutara\system\Model.php(264): CodeIgniter\Database\BaseBuilder->get()
#5 C:\xampp\htdocs\curanmorpolreslampungutara\system\BaseModel.php(662): CodeIgniter\Model->doFirst()
#6 C:\xampp\htdocs\curanmorpolreslampungutara\app\Models\LoginModel.php(15): CodeIgniter\BaseModel->first()
#7 C:\xampp\htdocs\curanmorpolreslampungutara\app\Controllers\Login.php(20): App\Models\LoginModel->get_user(NULL)
#8 C:\xampp\htdocs\curanmorpolreslampungutara\system\CodeIgniter.php(942): App\Controllers\Login->index()
#9 C:\xampp\htdocs\curanmorpolreslampungutara\system\CodeIgniter.php(502): CodeIgniter\CodeIgniter->runController(Object(App\Controllers\Login))
#10 C:\xampp\htdocs\curanmorpolreslampungutara\system\CodeIgniter.php(361): CodeIgniter\CodeIgniter->handleRequest(NULL, Object(Config\Cache), false)
#11 C:\xampp\htdocs\curanmorpolreslampungutara\public\index.php(79): CodeIgniter\CodeIgniter->run()
#12 {main}

Next CodeIgniter\Database\Exceptions\DatabaseException: Access denied for user ''@'localhost' (using password: NO) in C:\xampp\htdocs\curanmorpolreslampungutara\system\Database\MySQLi\Connection.php:229
Stack trace:
#0 C:\xampp\htdocs\curanmorpolreslampungutara\system\Database\BaseConnection.php(392): CodeIgniter\Database\MySQLi\Connection->connect(false)
#1 C:\xampp\htdocs\curanmorpolreslampungutara\system\Database\BaseConnection.php(575): CodeIgniter\Database\BaseConnection->initialize()
#2 C:\xampp\htdocs\curanmorpolreslampungutara\system\Database\BaseBuilder.php(1615): CodeIgniter\Database\BaseConnection->query('SELECT *\nFROM `...', Array, false)
#3 C:\xampp\htdocs\curanmorpolreslampungutara\system\Model.php(264): CodeIgniter\Database\BaseBuilder->get()
#4 C:\xampp\htdocs\curanmorpolreslampungutara\system\BaseModel.php(662): CodeIgniter\Model->doFirst()
#5 C:\xampp\htdocs\curanmorpolreslampungutara\app\Models\LoginModel.php(15): CodeIgniter\BaseModel->first()
#6 C:\xampp\htdocs\curanmorpolreslampungutara\app\Controllers\Login.php(20): App\Models\LoginModel->get_user(NULL)
#7 C:\xampp\htdocs\curanmorpolreslampungutara\system\CodeIgniter.php(942): App\Controllers\Login->index()
#8 C:\xampp\htdocs\curanmorpolreslampungutara\system\CodeIgniter.php(502): CodeIgniter\CodeIgniter->runController(Object(App\Controllers\Login))
#9 C:\xampp\htdocs\curanmorpolreslampungutara\system\CodeIgniter.php(361): CodeIgniter\CodeIgniter->handleRequest(NULL, Object(Config\Cache), false)
#10 C:\xampp\htdocs\curanmorpolreslampungutara\public\index.php(79): CodeIgniter\CodeIgniter->run()
#11 {main}
CRITICAL - 2023-12-26 16:59:51 --> Unable to connect to the database.
Main connection [MySQLi]: Access denied for user ''@'localhost' (using password: NO)
in SYSTEMPATH\Database\BaseConnection.php on line 428.
 1 SYSTEMPATH\Database\BaseConnection.php(575): CodeIgniter\Database\BaseConnection->initialize()
 2 SYSTEMPATH\Database\BaseBuilder.php(1615): CodeIgniter\Database\BaseConnection->query('SELECT *
FROM `akun`
WHERE `email` IS NULL
 LIMIT 1', [], false)
 3 SYSTEMPATH\Model.php(264): CodeIgniter\Database\BaseBuilder->get()
 4 SYSTEMPATH\BaseModel.php(662): CodeIgniter\Model->doFirst()
 5 APPPATH\Models\LoginModel.php(15): CodeIgniter\BaseModel->first()
 6 APPPATH\Controllers\Login.php(20): App\Models\LoginModel->get_user(null)
 7 SYSTEMPATH\CodeIgniter.php(942): App\Controllers\Login->index()
 8 SYSTEMPATH\CodeIgniter.php(502): CodeIgniter\CodeIgniter->runController(Object(App\Controllers\Login))
 9 SYSTEMPATH\CodeIgniter.php(361): CodeIgniter\CodeIgniter->handleRequest(null, Object(Config\Cache), false)
10 FCPATH\index.php(79): CodeIgniter\CodeIgniter->run()
CRITICAL - 2023-12-26 17:00:52 --> Undefined property: CodeIgniter\View\View::$session
in APPPATH\Views\v_Login.php on line 51.
 1 APPPATH\Views\v_Login.php(51): CodeIgniter\Debug\Exceptions->errorHandler(2, 'Undefined property: CodeIgniter\\View\\View::$session', 'C:\\xampp\\htdocs\\curanmorpolreslampungutara\\app\\Views\\v_Login.php', 51)
 2 SYSTEMPATH\View\View.php(228): include('C:\\xampp\\htdocs\\curanmorpolreslampungutara\\app\\Views\\v_Login.php')
 3 SYSTEMPATH\View\View.php(231): CodeIgniter\View\View->CodeIgniter\View\{closure}()
 4 SYSTEMPATH\Common.php(1190): CodeIgniter\View\View->render('v_Login', [], true)
 5 APPPATH\Controllers\Login.php(32): view('v_Login')
 6 SYSTEMPATH\CodeIgniter.php(942): App\Controllers\Login->index()
 7 SYSTEMPATH\CodeIgniter.php(502): CodeIgniter\CodeIgniter->runController(Object(App\Controllers\Login))
 8 SYSTEMPATH\CodeIgniter.php(361): CodeIgniter\CodeIgniter->handleRequest(null, Object(Config\Cache), false)
 9 FCPATH\index.php(79): CodeIgniter\CodeIgniter->run()
CRITICAL - 2023-12-26 17:13:48 --> Attempt to read property "password" on array
in APPPATH\Controllers\Login.php on line 43.
 1 APPPATH\Controllers\Login.php(43): CodeIgniter\Debug\Exceptions->errorHandler(2, 'Attempt to read property "password" on array', 'C:\\xampp\\htdocs\\curanmorpolreslampungutara\\app\\Controllers\\Login.php', 43)
 2 SYSTEMPATH\CodeIgniter.php(942): App\Controllers\Login->process_login()
 3 SYSTEMPATH\CodeIgniter.php(502): CodeIgniter\CodeIgniter->runController(Object(App\Controllers\Login))
 4 SYSTEMPATH\CodeIgniter.php(361): CodeIgniter\CodeIgniter->handleRequest(null, Object(Config\Cache), false)
 5 FCPATH\index.php(79): CodeIgniter\CodeIgniter->run()
CRITICAL - 2023-12-26 17:15:28 --> Attempt to read property "password" on array
in APPPATH\Controllers\Login.php on line 43.
 1 APPPATH\Controllers\Login.php(43): CodeIgniter\Debug\Exceptions->errorHandler(2, 'Attempt to read property "password" on array', 'C:\\xampp\\htdocs\\curanmorpolreslampungutara\\app\\Controllers\\Login.php', 43)
 2 SYSTEMPATH\CodeIgniter.php(942): App\Controllers\Login->process_login()
 3 SYSTEMPATH\CodeIgniter.php(502): CodeIgniter\CodeIgniter->runController(Object(App\Controllers\Login))
 4 SYSTEMPATH\CodeIgniter.php(361): CodeIgniter\CodeIgniter->handleRequest(null, Object(Config\Cache), false)
 5 FCPATH\index.php(79): CodeIgniter\CodeIgniter->run()
CRITICAL - 2023-12-26 17:16:40 --> Attempt to read property "password" on array
in APPPATH\Controllers\Login.php on line 43.
 1 APPPATH\Controllers\Login.php(43): CodeIgniter\Debug\Exceptions->errorHandler(2, 'Attempt to read property "password" on array', 'C:\\xampp\\htdocs\\curanmorpolreslampungutara\\app\\Controllers\\Login.php', 43)
 2 SYSTEMPATH\CodeIgniter.php(942): App\Controllers\Login->process_login()
 3 SYSTEMPATH\CodeIgniter.php(502): CodeIgniter\CodeIgniter->runController(Object(App\Controllers\Login))
 4 SYSTEMPATH\CodeIgniter.php(361): CodeIgniter\CodeIgniter->handleRequest(null, Object(Config\Cache), false)
 5 FCPATH\index.php(79): CodeIgniter\CodeIgniter->run()
CRITICAL - 2023-12-26 17:16:48 --> Attempt to read property "password" on array
in APPPATH\Controllers\Login.php on line 43.
 1 APPPATH\Controllers\Login.php(43): CodeIgniter\Debug\Exceptions->errorHandler(2, 'Attempt to read property "password" on array', 'C:\\xampp\\htdocs\\curanmorpolreslampungutara\\app\\Controllers\\Login.php', 43)
 2 SYSTEMPATH\CodeIgniter.php(942): App\Controllers\Login->process_login()
 3 SYSTEMPATH\CodeIgniter.php(502): CodeIgniter\CodeIgniter->runController(Object(App\Controllers\Login))
 4 SYSTEMPATH\CodeIgniter.php(361): CodeIgniter\CodeIgniter->handleRequest(null, Object(Config\Cache), false)
 5 FCPATH\index.php(79): CodeIgniter\CodeIgniter->run()
CRITICAL - 2023-12-26 17:16:48 --> Attempt to read property "password" on array
in APPPATH\Controllers\Login.php on line 43.
 1 APPPATH\Controllers\Login.php(43): CodeIgniter\Debug\Exceptions->errorHandler(2, 'Attempt to read property "password" on array', 'C:\\xampp\\htdocs\\curanmorpolreslampungutara\\app\\Controllers\\Login.php', 43)
 2 SYSTEMPATH\CodeIgniter.php(942): App\Controllers\Login->process_login()
 3 SYSTEMPATH\CodeIgniter.php(502): CodeIgniter\CodeIgniter->runController(Object(App\Controllers\Login))
 4 SYSTEMPATH\CodeIgniter.php(361): CodeIgniter\CodeIgniter->handleRequest(null, Object(Config\Cache), false)
 5 FCPATH\index.php(79): CodeIgniter\CodeIgniter->run()
CRITICAL - 2023-12-26 17:21:52 --> Undefined property: stdClass::$id_admin
in APPPATH\Controllers\Login.php on line 45.
 1 APPPATH\Controllers\Login.php(45): CodeIgniter\Debug\Exceptions->errorHandler(2, 'Undefined property: stdClass::$id_admin', 'C:\\xampp\\htdocs\\curanmorpolreslampungutara\\app\\Controllers\\Login.php', 45)
 2 SYSTEMPATH\CodeIgniter.php(942): App\Controllers\Login->process_login()
 3 SYSTEMPATH\CodeIgniter.php(502): CodeIgniter\CodeIgniter->runController(Object(App\Controllers\Login))
 4 SYSTEMPATH\CodeIgniter.php(361): CodeIgniter\CodeIgniter->handleRequest(null, Object(Config\Cache), false)
 5 FCPATH\index.php(79): CodeIgniter\CodeIgniter->run()
CRITICAL - 2023-12-26 17:24:06 --> Undefined property: stdClass::$id_admin
in APPPATH\Controllers\Login.php on line 47.
 1 APPPATH\Controllers\Login.php(47): CodeIgniter\Debug\Exceptions->errorHandler(2, 'Undefined property: stdClass::$id_admin', 'C:\\xampp\\htdocs\\curanmorpolreslampungutara\\app\\Controllers\\Login.php', 47)
 2 SYSTEMPATH\CodeIgniter.php(942): App\Controllers\Login->process_login()
 3 SYSTEMPATH\CodeIgniter.php(502): CodeIgniter\CodeIgniter->runController(Object(App\Controllers\Login))
 4 SYSTEMPATH\CodeIgniter.php(361): CodeIgniter\CodeIgniter->handleRequest(null, Object(Config\Cache), false)
 5 FCPATH\index.php(79): CodeIgniter\CodeIgniter->run()
CRITICAL - 2023-12-26 17:24:17 --> Undefined property: stdClass::$id_admin
in APPPATH\Controllers\Login.php on line 47.
 1 APPPATH\Controllers\Login.php(47): CodeIgniter\Debug\Exceptions->errorHandler(2, 'Undefined property: stdClass::$id_admin', 'C:\\xampp\\htdocs\\curanmorpolreslampungutara\\app\\Controllers\\Login.php', 47)
 2 SYSTEMPATH\CodeIgniter.php(942): App\Controllers\Login->process_login()
 3 SYSTEMPATH\CodeIgniter.php(502): CodeIgniter\CodeIgniter->runController(Object(App\Controllers\Login))
 4 SYSTEMPATH\CodeIgniter.php(361): CodeIgniter\CodeIgniter->handleRequest(null, Object(Config\Cache), false)
 5 FCPATH\index.php(79): CodeIgniter\CodeIgniter->run()
CRITICAL - 2023-12-26 17:24:17 --> Undefined property: stdClass::$id_admin
in APPPATH\Controllers\Login.php on line 47.
 1 APPPATH\Controllers\Login.php(47): CodeIgniter\Debug\Exceptions->errorHandler(2, 'Undefined property: stdClass::$id_admin', 'C:\\xampp\\htdocs\\curanmorpolreslampungutara\\app\\Controllers\\Login.php', 47)
 2 SYSTEMPATH\CodeIgniter.php(942): App\Controllers\Login->process_login()
 3 SYSTEMPATH\CodeIgniter.php(502): CodeIgniter\CodeIgniter->runController(Object(App\Controllers\Login))
 4 SYSTEMPATH\CodeIgniter.php(361): CodeIgniter\CodeIgniter->handleRequest(null, Object(Config\Cache), false)
 5 FCPATH\index.php(79): CodeIgniter\CodeIgniter->run()
CRITICAL - 2023-12-26 17:31:28 --> App\Controllers\Login::index(): Return value must be of type string, CodeIgniter\HTTP\RedirectResponse returned
in APPPATH\Controllers\Login.php on line 23.
 1 SYSTEMPATH\CodeIgniter.php(942): App\Controllers\Login->index()
 2 SYSTEMPATH\CodeIgniter.php(502): CodeIgniter\CodeIgniter->runController(Object(App\Controllers\Login))
 3 SYSTEMPATH\CodeIgniter.php(361): CodeIgniter\CodeIgniter->handleRequest(null, Object(Config\Cache), false)
 4 FCPATH\index.php(79): CodeIgniter\CodeIgniter->run()
CRITICAL - 2023-12-26 17:40:17 --> App\Controllers\Login::index(): Return value must be of type string, CodeIgniter\HTTP\RedirectResponse returned
in APPPATH\Controllers\Login.php on line 21.
 1 SYSTEMPATH\CodeIgniter.php(942): App\Controllers\Login->index()
 2 SYSTEMPATH\CodeIgniter.php(502): CodeIgniter\CodeIgniter->runController(Object(App\Controllers\Login))
 3 SYSTEMPATH\CodeIgniter.php(361): CodeIgniter\CodeIgniter->handleRequest(null, Object(Config\Cache), false)
 4 FCPATH\index.php(79): CodeIgniter\CodeIgniter->run()
CRITICAL - 2023-12-26 17:40:38 --> Undefined property: App\Controllers\Dashboard::$session
in APPPATH\Controllers\Dashboard.php on line 19.
 1 APPPATH\Controllers\Dashboard.php(19): CodeIgniter\Debug\Exceptions->errorHandler(2, 'Undefined property: App\\Controllers\\Dashboard::$session', 'C:\\xampp\\htdocs\\curanmorpolreslampungutara\\app\\Controllers\\Dashboard.php', 19)
 2 SYSTEMPATH\CodeIgniter.php(942): App\Controllers\Dashboard->index()
 3 SYSTEMPATH\CodeIgniter.php(502): CodeIgniter\CodeIgniter->runController(Object(App\Controllers\Dashboard))
 4 SYSTEMPATH\CodeIgniter.php(361): CodeIgniter\CodeIgniter->handleRequest(null, Object(Config\Cache), false)
 5 FCPATH\index.php(79): CodeIgniter\CodeIgniter->run()
CRITICAL - 2023-12-26 17:41:45 --> Undefined variable $current_page
in APPPATH\Views\Admin\v_Dashboard.php on line 105.
 1 APPPATH\Views\Admin\v_Dashboard.php(105): CodeIgniter\Debug\Exceptions->errorHandler(2, 'Undefined variable $current_page', 'C:\\xampp\\htdocs\\curanmorpolreslampungutara\\app\\Views\\Admin\\v_Dashboard.php', 105)
 2 SYSTEMPATH\View\View.php(228): include('C:\\xampp\\htdocs\\curanmorpolreslampungutara\\app\\Views\\Admin\\v_Dashboard.php')
 3 SYSTEMPATH\View\View.php(231): CodeIgniter\View\View->CodeIgniter\View\{closure}()
 4 SYSTEMPATH\Common.php(1190): CodeIgniter\View\View->render('Admin/v_Dashboard', [], true)
 5 APPPATH\Controllers\Dashboard.php(31): view('Admin/v_Dashboard')
 6 SYSTEMPATH\CodeIgniter.php(942): App\Controllers\Dashboard->index()
 7 SYSTEMPATH\CodeIgniter.php(502): CodeIgniter\CodeIgniter->runController(Object(App\Controllers\Dashboard))
 8 SYSTEMPATH\CodeIgniter.php(361): CodeIgniter\CodeIgniter->handleRequest(null, Object(Config\Cache), false)
 9 FCPATH\index.php(79): CodeIgniter\CodeIgniter->run()
